<?xml version="1.0" encoding="UTF-8"?>
<!-- Generated by org.testng.reporters.JUnitReportReporter -->
<testsuite ignored="1" hostname="LAP-45302Technology" failures="0" tests="1" name="TestFramework.basics4" time="0.004" errors="0" timestamp="31 Aug 2021 10:45:22 GMT" skipped="1">
  <testcase classname="TestFramework.basics4" name="postDataXML" time="0.004">
    <skipped/>
  </testcase> <!-- postDataXML -->
  <testcase classname="TestFramework.basics7" name="getData">
    <skipped/>
  </testcase> <!-- getData -->
</testsuite> <!-- TestFramework.basics4 -->
