<?xml version="1.0" encoding="UTF-8"?>
<!-- Generated by org.testng.reporters.JUnitReportReporter -->
<testsuite ignored="1" hostname="LAP-45302Technology" failures="0" tests="2" name="TestFramework.basics8" time="0.003" errors="0" timestamp="31 Aug 2021 10:45:22 GMT" skipped="2">
  <testcase classname="TestFramework.basics8" name="JiraAPIUpdate" time="0.002">
    <skipped/>
  </testcase> <!-- JiraAPIUpdate -->
  <testcase classname="TestFramework.basics8" name="AddBooks" time="0.001">
    <skipped/>
  </testcase> <!-- AddBooks -->
  <testcase classname="TestFramework.basics7" name="getData">
    <skipped/>
  </testcase> <!-- getData -->
</testsuite> <!-- TestFramework.basics8 -->
